<?xml version="1.0" encoding="UTF-8"?>
<testsuite xmlns:xsi="http://www.w3.org/2001/XMLSchema-instance" xsi:noNamespaceSchemaLocation="https://maven.apache.org/surefire/maven-surefire-plugin/xsd/surefire-test-report.xsd" name="servlets.HomePageServletTest" time="1.73" tests="1" errors="0" skipped="0" failures="0">
  <properties>
    <property name="sun.desktop" value="windows"/>
    <property name="awt.toolkit" value="sun.awt.windows.WToolkit"/>
    <property name="java.specification.version" value="12"/>
    <property name="sun.cpu.isalist" value="amd64"/>
    <property name="sun.jnu.encoding" value="Cp1251"/>
    <property name="java.class.path" value="C:\Users\Denis Solodkiy\Desktop\Films search\Films_web\target\test-classes;C:\Users\Denis Solodkiy\Desktop\Films search\Films_web\target\classes;C:\Users\Denis Solodkiy\.m2\repository\org\flywaydb\flyway-core\6.1.2\flyway-core-6.1.2.jar;C:\Users\Denis Solodkiy\.m2\repository\org\mockito\mockito-core\2.23.0\mockito-core-2.23.0.jar;C:\Users\Denis Solodkiy\.m2\repository\net\bytebuddy\byte-buddy\1.9.0\byte-buddy-1.9.0.jar;C:\Users\Denis Solodkiy\.m2\repository\net\bytebuddy\byte-buddy-agent\1.9.0\byte-buddy-agent-1.9.0.jar;C:\Users\Denis Solodkiy\.m2\repository\org\objenesis\objenesis\2.6\objenesis-2.6.jar;C:\Users\Denis Solodkiy\.m2\repository\junit\junit\4.11\junit-4.11.jar;C:\Users\Denis Solodkiy\.m2\repository\org\hamcrest\hamcrest-core\1.3\hamcrest-core-1.3.jar;C:\Users\Denis Solodkiy\.m2\repository\javax\servlet\javax.servlet-api\4.0.1\javax.servlet-api-4.0.1.jar;C:\Users\Denis Solodkiy\.m2\repository\javax\servlet\jsp\jsp-api\2.2\jsp-api-2.2.jar;C:\Users\Denis Solodkiy\.m2\repository\javax\servlet\jsp\jstl\jstl-api\1.2\jstl-api-1.2.jar;C:\Users\Denis Solodkiy\.m2\repository\javax\servlet\servlet-api\2.5\servlet-api-2.5.jar;C:\Users\Denis Solodkiy\.m2\repository\org\apache\taglibs\taglibs-standard-impl\1.2.5\taglibs-standard-impl-1.2.5.jar;C:\Users\Denis Solodkiy\.m2\repository\org\slf4j\slf4j-api\1.7.29\slf4j-api-1.7.29.jar;C:\Users\Denis Solodkiy\.m2\repository\ch\qos\logback\logback-classic\1.2.3\logback-classic-1.2.3.jar;C:\Users\Denis Solodkiy\.m2\repository\ch\qos\logback\logback-core\1.2.3\logback-core-1.2.3.jar;C:\Users\Denis Solodkiy\Desktop\Films search\Films_business\target\filmsearch-business-1.0-SNAPSHOT.jar;C:\Users\Denis Solodkiy\.m2\repository\mysql\mysql-connector-java\8.0.18\mysql-connector-java-8.0.18.jar;C:\Users\Denis Solodkiy\.m2\repository\com\google\protobuf\protobuf-java\3.6.1\protobuf-java-3.6.1.jar;C:\Users\Denis Solodkiy\.m2\repository\com\zaxxer\HikariCP\3.4.1\HikariCP-3.4.1.jar;C:\Users\Denis Solodkiy\.m2\repository\org\projectlombok\lombok\1.18.10\lombok-1.18.10.jar;"/>
    <property name="java.vm.vendor" value="Oracle Corporation"/>
    <property name="sun.arch.data.model" value="64"/>
    <property name="user.variant" value=""/>
    <property name="java.vendor.url" value="https://java.oracle.com/"/>
    <property name="user.timezone" value="Europe/Moscow"/>
    <property name="user.country.format" value="BY"/>
    <property name="os.name" value="Windows 10"/>
    <property name="java.vm.specification.version" value="12"/>
    <property name="sun.java.launcher" value="SUN_STANDARD"/>
    <property name="user.country" value="RU"/>
    <property name="sun.boot.library.path" value="C:\Program Files\Java\jdk-12.0.2\bin"/>
    <property name="sun.java.command" value="C:\Users\DENISS~1\AppData\Local\Temp\surefire13375620468186049241\surefirebooter7072268668481465913.jar C:\Users\Denis Solodkiy\AppData\Local\Temp\surefire13375620468186049241 2020-02-14T05-34-34_221-jvmRun1 surefire8779707201074237359tmp surefire_017685944261714844229tmp"/>
    <property name="jdk.debug" value="release"/>
    <property name="surefire.test.class.path" value="C:\Users\Denis Solodkiy\Desktop\Films search\Films_web\target\test-classes;C:\Users\Denis Solodkiy\Desktop\Films search\Films_web\target\classes;C:\Users\Denis Solodkiy\.m2\repository\org\flywaydb\flyway-core\6.1.2\flyway-core-6.1.2.jar;C:\Users\Denis Solodkiy\.m2\repository\org\mockito\mockito-core\2.23.0\mockito-core-2.23.0.jar;C:\Users\Denis Solodkiy\.m2\repository\net\bytebuddy\byte-buddy\1.9.0\byte-buddy-1.9.0.jar;C:\Users\Denis Solodkiy\.m2\repository\net\bytebuddy\byte-buddy-agent\1.9.0\byte-buddy-agent-1.9.0.jar;C:\Users\Denis Solodkiy\.m2\repository\org\objenesis\objenesis\2.6\objenesis-2.6.jar;C:\Users\Denis Solodkiy\.m2\repository\junit\junit\4.11\junit-4.11.jar;C:\Users\Denis Solodkiy\.m2\repository\org\hamcrest\hamcrest-core\1.3\hamcrest-core-1.3.jar;C:\Users\Denis Solodkiy\.m2\repository\javax\servlet\javax.servlet-api\4.0.1\javax.servlet-api-4.0.1.jar;C:\Users\Denis Solodkiy\.m2\repository\javax\servlet\jsp\jsp-api\2.2\jsp-api-2.2.jar;C:\Users\Denis Solodkiy\.m2\repository\javax\servlet\jsp\jstl\jstl-api\1.2\jstl-api-1.2.jar;C:\Users\Denis Solodkiy\.m2\repository\javax\servlet\servlet-api\2.5\servlet-api-2.5.jar;C:\Users\Denis Solodkiy\.m2\repository\org\apache\taglibs\taglibs-standard-impl\1.2.5\taglibs-standard-impl-1.2.5.jar;C:\Users\Denis Solodkiy\.m2\repository\org\slf4j\slf4j-api\1.7.29\slf4j-api-1.7.29.jar;C:\Users\Denis Solodkiy\.m2\repository\ch\qos\logback\logback-classic\1.2.3\logback-classic-1.2.3.jar;C:\Users\Denis Solodkiy\.m2\repository\ch\qos\logback\logback-core\1.2.3\logback-core-1.2.3.jar;C:\Users\Denis Solodkiy\Desktop\Films search\Films_business\target\filmsearch-business-1.0-SNAPSHOT.jar;C:\Users\Denis Solodkiy\.m2\repository\mysql\mysql-connector-java\8.0.18\mysql-connector-java-8.0.18.jar;C:\Users\Denis Solodkiy\.m2\repository\com\google\protobuf\protobuf-java\3.6.1\protobuf-java-3.6.1.jar;C:\Users\Denis Solodkiy\.m2\repository\com\zaxxer\HikariCP\3.4.1\HikariCP-3.4.1.jar;C:\Users\Denis Solodkiy\.m2\repository\org\projectlombok\lombok\1.18.10\lombok-1.18.10.jar;"/>
    <property name="sun.cpu.endian" value="little"/>
    <property name="user.home" value="C:\Users\Denis Solodkiy"/>
    <property name="user.language" value="ru"/>
    <property name="java.specification.vendor" value="Oracle Corporation"/>
    <property name="java.version.date" value="2019-07-16"/>
    <property name="java.home" value="C:\Program Files\Java\jdk-12.0.2"/>
    <property name="file.separator" value="\"/>
    <property name="basedir" value="C:\Users\Denis Solodkiy\Desktop\Films search\Films_web"/>
    <property name="java.vm.compressedOopsMode" value="32-bit"/>
    <property name="line.separator" value="&#10;"/>
    <property name="java.vm.specification.vendor" value="Oracle Corporation"/>
    <property name="java.specification.name" value="Java Platform API Specification"/>
    <property name="java.awt.graphicsenv" value="sun.awt.Win32GraphicsEnvironment"/>
    <property name="surefire.real.class.path" value="C:\Users\DENISS~1\AppData\Local\Temp\surefire13375620468186049241\surefirebooter7072268668481465913.jar"/>
    <property name="user.script" value=""/>
    <property name="sun.management.compiler" value="HotSpot 64-Bit Tiered Compilers"/>
    <property name="java.runtime.version" value="12.0.2+10"/>
    <property name="user.name" value="Denis Solodkiy"/>
    <property name="path.separator" value=";"/>
    <property name="os.version" value="10.0"/>
    <property name="java.runtime.name" value="Java(TM) SE Runtime Environment"/>
    <property name="file.encoding" value="Cp1251"/>
    <property name="java.vm.name" value="Java HotSpot(TM) 64-Bit Server VM"/>
    <property name="localRepository" value="C:\Users\Denis Solodkiy\.m2\repository"/>
    <property name="java.vendor.url.bug" value="https://bugreport.java.com/bugreport/"/>
    <property name="java.io.tmpdir" value="C:\Users\DENISS~1\AppData\Local\Temp\"/>
    <property name="java.version" value="12.0.2"/>
    <property name="user.dir" value="C:\Users\Denis Solodkiy\Desktop\Films search\Films_web"/>
    <property name="os.arch" value="amd64"/>
    <property name="java.vm.specification.name" value="Java Virtual Machine Specification"/>
    <property name="sun.os.patch.level" value=""/>
    <property name="java.library.path" value="C:\Program Files\Java\jdk-12.0.2\bin;C:\Windows\Sun\Java\bin;C:\Windows\system32;C:\Windows;C:\Windows\system32;C:\Windows;C:\Windows\System32\Wbem;C:\Windows\System32\WindowsPowerShell\v1.0\;C:\Windows\System32\OpenSSH\;C:\Program Files\Java\jdk-12.0.2\bin;%M2_HOME%\bin;C:\Program Files\Microsoft SQL Server\Client SDK\ODBC\110\Tools\Binn\;C:\Program Files (x86)\Microsoft SQL Server\120\Tools\Binn\;C:\Program Files\Microsoft SQL Server\120\Tools\Binn\;C:\Program Files\Microsoft SQL Server\120\DTS\Binn\;C:\Program Files (x86)\Windows Kits\8.1\Windows Performance Toolkit\;C:\Program Files\Git\cmd;C:\Program Files\MySQL\MySQL Shell 8.0\bin\;C:\Users\Denis Solodkiy\AppData\Local\Microsoft\WindowsApps;C:\Program Files\JetBrains\IntelliJ IDEA Community Edition 2019.2\bin;;E:\Java_Maven\apache-maven-3.6.2\bin;;C:\Program Files\JetBrains\IntelliJ IDEA 2019.2\bin;;."/>
    <property name="java.vm.info" value="mixed mode, sharing"/>
    <property name="java.vendor" value="Oracle Corporation"/>
    <property name="java.vm.version" value="12.0.2+10"/>
    <property name="idea.version2019.3" value="true"/>
    <property name="sun.io.unicode.encoding" value="UnicodeLittle"/>
    <property name="java.class.version" value="56.0"/>
  </properties>
  <testcase name="shouldGetToParticularJSP" classname="servlets.HomePageServletTest" time="0.061"/>
</testsuite>